[13-Jun-2025 03:57:53 America/Guayaquil] PHP Fatal error:  Uncaught PDOException: SQLSTATE[HY093]: Invalid parameter number in C:\Users\CNT\Desktop\prueba\pages\dashboard.php:219
Stack trace:
#0 C:\Users\CNT\Desktop\prueba\pages\dashboard.php(219): PDOStatement->execute(Array)
#1 {main}
  thrown in C:\Users\CNT\Desktop\prueba\pages\dashboard.php on line 219
[13-Jun-2025 04:00:20 America/Guayaquil] PHP Fatal error:  Uncaught PDOException: SQLSTATE[HY093]: Invalid parameter number in C:\Users\CNT\Desktop\prueba\pages\dashboard.php:219
Stack trace:
#0 C:\Users\CNT\Desktop\prueba\pages\dashboard.php(219): PDOStatement->execute(Array)
#1 {main}
  thrown in C:\Users\CNT\Desktop\prueba\pages\dashboard.php on line 219
[13-Jun-2025 04:02:40 America/Guayaquil] PHP Fatal error:  Uncaught PDOException: SQLSTATE[HY093]: Invalid parameter number in C:\Users\CNT\Desktop\prueba\pages\dashboard.php:464
Stack trace:
#0 C:\Users\CNT\Desktop\prueba\pages\dashboard.php(464): PDOStatement->execute(Array)
#1 {main}
  thrown in C:\Users\CNT\Desktop\prueba\pages\dashboard.php on line 464
[13-Jun-2025 04:12:12 America/Guayaquil] PHP Fatal error:  Uncaught PDOException: SQLSTATE[HY093]: Invalid parameter number in C:\Users\CNT\Desktop\prueba\pages\dashboard.php:464
Stack trace:
#0 C:\Users\CNT\Desktop\prueba\pages\dashboard.php(464): PDOStatement->execute(Array)
#1 {main}
  thrown in C:\Users\CNT\Desktop\prueba\pages\dashboard.php on line 464
[13-Jun-2025 04:13:34 America/Guayaquil] PHP Fatal error:  Uncaught PDOException: SQLSTATE[HY093]: Invalid parameter number in C:\Users\CNT\Desktop\prueba\pages\dashboard.php:464
Stack trace:
#0 C:\Users\CNT\Desktop\prueba\pages\dashboard.php(464): PDOStatement->execute(Array)
#1 {main}
  thrown in C:\Users\CNT\Desktop\prueba\pages\dashboard.php on line 464
[13-Jun-2025 13:43:59 America/Guayaquil] PHP Fatal error:  Cannot redeclare ConexionBD() (previously declared in C:\Users\CNT\Desktop\prueba\includes\conexion.php:11) in C:\Users\CNT\Desktop\prueba\includes\conexion.php on line 79
[13-Jun-2025 13:47:00 America/Guayaquil] AHP: Procesando asignación para ciclo: 2025-1
[13-Jun-2025 13:47:00 America/Guayaquil] AHP: Generando vista previa
[13-Jun-2025 13:47:00 America/Guayaquil] AHP: Estudiantes encontrados: 20
[13-Jun-2025 13:47:01 America/Guayaquil] AHP: Asignaciones generadas: 20
[13-Jun-2025 13:47:01 America/Guayaquil] AHP: Tamaño URL: 10331 caracteres
[13-Jun-2025 13:47:01 America/Guayaquil] AHP: URL reducida a: 5147 caracteres
[13-Jun-2025 13:47:01 America/Guayaquil] AHP: Redirigiendo a vista previa
[13-Jun-2025 13:47:09 America/Guayaquil] AHP: Procesando asignación para ciclo: 2025-1
[13-Jun-2025 13:47:09 America/Guayaquil] AHP: Confirmando asignaciones
[13-Jun-2025 13:47:09 America/Guayaquil] AHP: Error JSON: Syntax error
[13-Jun-2025 13:47:09 America/Guayaquil] AHP: Datos recibidos: %5B%7B%22id_estudiante%22%3A1%2C%22estudiante%22%3A%22Ana+Mar%C3%ADa+L%C3%B3pez+Garc%C3%ADa%22%2C%22id_tipo_discapacidad%22%3A1%2C%22nombre_discapacidad%22%3A%22Psicosocial%22%2C%22peso_discapacidad%2...
[13-Jun-2025 13:47:09 America/Guayaquil] AHP: Error en procesamiento: Error al procesar datos de vista previa: Syntax error
[13-Jun-2025 13:47:09 America/Guayaquil] AHP: POST data: {"confirm":"1","ciclo_academico":"2025-1","preview_data":"%5B%7B%22id_estudiante%22%3A1%2C%22estudiante%22%3A%22Ana+Mar%C3%ADa+L%C3%B3pez+Garc%C3%ADa%22%2C%22id_tipo_discapacidad%22%3A1%2C%22nombre_discapacidad%22%3A%22Psicosocial%22%2C%22peso_discapacidad%22%3A%220.400%22%2C%22id_docente%22%3A8%2C%22docente%22%3A%22Ana+Patricia+Loor+Cede%C3%B1o%22%2C%22id_materia%22%3A5%2C%22materia%22%3A%22%C3%81lgebra+Lineal%22%2C%22puntuacion_ahp%22%3A%221.0246500%22%2C%22tiene_experiencia_especifica%22%3A1%2C%22nivel_competencia%22%3A%22Experto%22%2C%22ranking_original%22%3A1%7D%2C%7B%22id_estudiante%22%3A1%2C%22estudiante%22%3A%22Ana+Mar%C3%ADa+L%C3%B3pez+Garc%C3%ADa%22%2C%22id_tipo_discapacidad%22%3A1%2C%22nombre_discapacidad%22%3A%22Psicosocial%22%2C%22peso_discapacidad%22%3A%220.400%22%2C%22id_docente%22%3A8%2C%22docente%22%3A%22Ana+Patricia+Loor+Cede%C3%B1o%22%2C%22id_materia%22%3A7%2C%22materia%22%3A%22Estad%C3%ADstica%22%2C%22puntuacion_ahp%22%3A%221.0246500%22%2C%22tiene_experiencia_especifica%22%3A1%2C%22nivel_competencia%22%3A%22Experto%22%2C%22ranking_original%22%3A1%7D%2C%7B%22id_estudiante%22%3A1%2C%22estudiante%22%3A%22Ana+Mar%C3%ADa+L%C3%B3pez+Garc%C3%ADa%22%2C%22id_tipo_discapacidad%22%3A1%2C%22nombre_discapacidad%22%3A%22Psicosocial%22%2C%22peso_discapacidad%22%3A%220.400%22%2C%22id_docente%22%3A8%2C%22docente%22%3A%22Ana+Patricia+Loor+Cede%C3%B1o%22%2C%22id_materia%22%3A1%2C%22materia%22%3A%22Matem%C3%A1ticas+Discretas%22%2C%22puntuacion_ahp%22%3A%221.0246500%22%2C%22tiene_experiencia_especifica%22%3A1%2C%22nivel_competencia%22%3A%22Experto%22%2C%22ranking_original%22%3A1%7D%2C%7B%22id_estudiante%22%3A1%2C%22estudiante%22%3A%22Ana+Mar%C3%ADa+L%C3%B3pez+Garc%C3%ADa%22%2C%22id_tipo_discapacidad%22%3A1%2C%22nombre_discapacidad%22%3A%22Psicosocial%22%2C%22peso_discapacidad%22%3A%220.400%22%2C%22id_docente%22%3A8%2C%22docente%22%3A%22Ana+Patricia+Loor+Cede%C3%B1o%22%2C%22id_materia%22%3A3%2C%22materia%22%3A%22F%C3%ADsica+I%22%2C%22puntuacion_ahp%22%3A%221.0246500%22%2C%22tiene_experiencia_especifica%22%3A1%2C%22nivel_competencia%22%3A%22Experto%22%2C%22ranking_original%22%3A1%7D%2C%7B%22id_estudiante%22%3A1%2C%22estudiante%22%3A%22Ana+Mar%C3%ADa+L%C3%B3pez+Garc%C3%ADa%22%2C%22id_tipo_discapacidad%22%3A1%2C%22nombre_discapacidad%22%3A%22Psicosocial%22%2C%22peso_discapacidad%22%3A%220.400%22%2C%22id_docente%22%3A8%2C%22docente%22%3A%22Ana+Patricia+Loor+Cede%C3%B1o%22%2C%22id_materia%22%3A9%2C%22materia%22%3A%22Programaci%C3%B3n+II%22%2C%22puntuacion_ahp%22%3A%221.0246500%22%2C%22tiene_experiencia_especifica%22%3A1%2C%22nivel_competencia%22%3A%22Experto%22%2C%22ranking_original%22%3A1%7D%2C%7B%22id_estudiante%22%3A1%2C%22estudiante%22%3A%22Ana+Mar%C3%ADa+L%C3%B3pez+Garc%C3%ADa%22%2C%22id_tipo_discapacidad%22%3A1%2C%22nombre_discapacidad%22%3A%22Psicosocial%22%2C%22peso_discapacidad%22%3A%220.400%22%2C%22id_docente%22%3A8%2C%22docente%22%3A%22Ana+Patricia+Loor+Cede%C3%B1o%22%2C%22id_materia%22%3A2%2C%22materia%22%3A%22Programaci%C3%B3n+I%22%2C%22puntuacion_ahp%22%3A%221.0246500%22%2C%22tiene_experiencia_especifica%22%3A1%2C%22nivel_competencia%22%3A%22Experto%22%2C%22ranking_original%22%3A1%7D%2C%7B%22id_estudiante%22%3A1%2C%22estudiante%22%3A%22Ana+Mar%C3%ADa+L%C3%B3pez+Garc%C3%ADa%22%2C%22id_tipo_discapacidad%22%3A1%2C%22nombre_discapacidad%22%3A%22Psicosocial%22%2C%22peso_discapacidad%22%3A%220.400%22%2C%22id_docente%22%3A8%2C%22docente%22%3A%22Ana+Patricia+Loor+Cede%C3%B1o%22%2C%22id_materia%22%3A4%2C%22materia%22%3A%22C%C3%A1lculo+Diferencial%22%2C%22puntuacion_ahp%22%3A%221.0246500%22%2C%22tiene_experiencia_especifica%22%3A1%2C%22nivel_competencia%22%3A%22Experto%22%2C%22ranking_original%22%3A1%7D%2C%7B%22id_estudiante%22%3A1%2C%22estudiante%22%3A%22Ana+Mar%C3%ADa+L%C3%B3pez+Garc%C3%ADa%22%2C%22id_tipo_discapacidad%22%3A1%2C%22nombre_discapacidad%22%3A%22Psicosocial%22%2C%22peso_discapacidad%22%3A%220.400%22%2C%22id_docente%22%3A8%2C%22docente%22%3A%22Ana+Patricia+Loor+Cede%C3%B1o%22%2C%22id_materia%22%3A6%2C%22materia%22%3A%22Base+de+Datos%22%2C%22puntuacion_ahp%22%3A%221.0246500%22%2C%22tiene_experiencia_especifica%22%3A1%2C%22nivel_competencia%22%3A%22Experto%22%2C%22ranking_original%22%3A1%7D%2C%7B%22id_estudiante%22%3A1%2C%22estudiante%22%3A%22Ana+Mar%C3%ADa+L%C3%B3pez+Garc%C3%ADa%22%2C%22id_tipo_discapacidad%22%3A1%2C%22nombre_discapacidad%22%3A%22Psicosocial%22%2C%22peso_discapacidad%22%3A%220.400%22%2C%22id_docente%22%3A8%2C%22docente%22%3A%22Ana+Patricia+Loor+Cede%C3%B1o%22%2C%22id_materia%22%3A8%2C%22materia%22%3A%22Qu%C3%ADmica%22%2C%22puntuacion_ahp%22%3A%221.0246500%22%2C%22tiene_experiencia_especifica%22%3A1%2C%22nivel_competencia%22%3A%22Experto%22%2C%22ranking_original%22%3A1%7D%2C%7B%22id_estudiante%22%3A1%2C%22estudiante%22%3A%22Ana+Mar%C3%ADa+L%C3%B3pez+Garc%C3%ADa%22%2C%22id_tipo_discapacidad%22%3A1%2C%22nombre_discapacidad%22%3A%22Psicosocial%22%2C%22peso_discapacidad%22%3A%220.400%22%2C%22id_docente%22%3A8%2C%22docente%22%3A%22Ana+Patricia+Loor+Cede%C3%B1o%22%2C%22id_materia%22%3A10%2C%22materia%22%3A%22C%C3%A1lculo+Integral%22%2C%22puntuacion_ahp%22%3A%221.0246500%22%2C%22tiene_experiencia_especifica%22%3A1%2C%22nivel_competencia%22%3A%22Experto%22%2C%22ranking_original%22%3A1%7D%5D"}
